Initialized native services in: C:\Users\ronpa\.gradle\native
Initialized jansi services in: C:\Users\ronpa\.gradle\native
Found daemon DaemonInfo{pid=20236, address=[23d12da2-0150-4306-98de-ba30fd97384b port:57126, addresses:[/127.0.0.1]], state=Idle, lastBusy=1764596157823, context=DefaultDaemonContext[uid=3fae64a0-6af6-4709-8414-eba03158837c,javaHome=C:\Program Files\Java\jdk-25,javaVersion=25,javaVendor=Oracle Corporation,daemonRegistryDir=C:\Users\ronpa\.gradle\daemon,pid=20236,idleTimeout=10800000,priority=NORMAL,applyInstrumentationAgent=true,nativeServicesMode=ENABLED,daemonOpts=-XX:MaxMetaspaceSize=384m,-XX:+HeapDumpOnOutOfMemoryError,-Xms256m,-Xmx512m,-Dfile.encoding=UTF-8,-Duser.country=US,-Duser.language=en,-Duser.variant]} however its context does not match the desired criteria.
JVM is incompatible.
Wanted: DaemonRequestContext{jvmCriteria=C:\Program Files\Java\jdk-17 (no JDK specified, using current Java home), daemonOpts=[-XX:MaxMetaspaceSize=384m, -XX:+HeapDumpOnOutOfMemoryError, -Xms256m, -Xmx512m, -Dfile.encoding=windows-1252, -Duser.country=US, -Duser.language=en, -Duser.variant], applyInstrumentationAgent=true, nativeServicesMode=ENABLED, priority=NORMAL}
Actual: DefaultDaemonContext[uid=3fae64a0-6af6-4709-8414-eba03158837c,javaHome=C:\Program Files\Java\jdk-25,javaVersion=25,javaVendor=Oracle Corporation,daemonRegistryDir=C:\Users\ronpa\.gradle\daemon,pid=20236,idleTimeout=10800000,priority=NORMAL,applyInstrumentationAgent=true,nativeServicesMode=ENABLED,daemonOpts=-XX:MaxMetaspaceSize=384m,-XX:+HeapDumpOnOutOfMemoryError,-Xms256m,-Xmx512m,-Dfile.encoding=UTF-8,-Duser.country=US,-Duser.language=en,-Duser.variant]

  Looking for a different daemon...
Found daemon DaemonInfo{pid=22816, address=[5caa2d43-a38e-4f70-b05b-62fe46f76510 port:52650, addresses:[/127.0.0.1]], state=Idle, lastBusy=1764726215213, context=DefaultDaemonContext[uid=d20538d0-4934-4b43-916f-d348e7b50c88,javaHome=C:\Program Files\Java\jdk-23,javaVersion=23,javaVendor=Oracle Corporation,daemonRegistryDir=C:\Users\ronpa\.gradle\daemon,pid=22816,idleTimeout=10800000,priority=NORMAL,applyInstrumentationAgent=true,nativeServicesMode=ENABLED,daemonOpts=-XX:MaxMetaspaceSize=384m,-XX:+HeapDumpOnOutOfMemoryError,-Xms256m,-Xmx512m,-Dfile.encoding=UTF-8,-Duser.country=US,-Duser.language=en,-Duser.variant]} however its context does not match the desired criteria.
JVM is incompatible.
Wanted: DaemonRequestContext{jvmCriteria=C:\Program Files\Java\jdk-17 (no JDK specified, using current Java home), daemonOpts=[-XX:MaxMetaspaceSize=384m, -XX:+HeapDumpOnOutOfMemoryError, -Xms256m, -Xmx512m, -Dfile.encoding=windows-1252, -Duser.country=US, -Duser.language=en, -Duser.variant], applyInstrumentationAgent=true, nativeServicesMode=ENABLED, priority=NORMAL}
Actual: DefaultDaemonContext[uid=d20538d0-4934-4b43-916f-d348e7b50c88,javaHome=C:\Program Files\Java\jdk-23,javaVersion=23,javaVendor=Oracle Corporation,daemonRegistryDir=C:\Users\ronpa\.gradle\daemon,pid=22816,idleTimeout=10800000,priority=NORMAL,applyInstrumentationAgent=true,nativeServicesMode=ENABLED,daemonOpts=-XX:MaxMetaspaceSize=384m,-XX:+HeapDumpOnOutOfMemoryError,-Xms256m,-Xmx512m,-Dfile.encoding=UTF-8,-Duser.country=US,-Duser.language=en,-Duser.variant]

  Looking for a different daemon...
Found daemon DaemonInfo{pid=11896, address=[d24ea0df-d228-47c1-b540-bf385e0fac79 port:50325, addresses:[/127.0.0.1]], state=Idle, lastBusy=1764749169563, context=DefaultDaemonContext[uid=e4b9f29d-e9ce-4cfd-8b53-bcb3fdef0854,javaHome=C:\Program Files\Java\jdk-17,javaVersion=17,javaVendor=Oracle Corporation,daemonRegistryDir=C:\Users\ronpa\.gradle\daemon,pid=11896,idleTimeout=10800000,priority=NORMAL,applyInstrumentationAgent=true,nativeServicesMode=ENABLED,daemonOpts=-XX:MaxMetaspaceSize=384m,-XX:+HeapDumpOnOutOfMemoryError,-Xms256m,-Xmx512m,-Dfile.encoding=UTF-8,-Duser.country=US,-Duser.language=en,-Duser.variant]} however its context does not match the desired criteria.
At least one daemon option is different.
Wanted: DaemonRequestContext{jvmCriteria=C:\Program Files\Java\jdk-17 (no JDK specified, using current Java home), daemonOpts=[-XX:MaxMetaspaceSize=384m, -XX:+HeapDumpOnOutOfMemoryError, -Xms256m, -Xmx512m, -Dfile.encoding=windows-1252, -Duser.country=US, -Duser.language=en, -Duser.variant], applyInstrumentationAgent=true, nativeServicesMode=ENABLED, priority=NORMAL}
Actual: DefaultDaemonContext[uid=e4b9f29d-e9ce-4cfd-8b53-bcb3fdef0854,javaHome=C:\Program Files\Java\jdk-17,javaVersion=17,javaVendor=Oracle Corporation,daemonRegistryDir=C:\Users\ronpa\.gradle\daemon,pid=11896,idleTimeout=10800000,priority=NORMAL,applyInstrumentationAgent=true,nativeServicesMode=ENABLED,daemonOpts=-XX:MaxMetaspaceSize=384m,-XX:+HeapDumpOnOutOfMemoryError,-Xms256m,-Xmx512m,-Dfile.encoding=UTF-8,-Duser.country=US,-Duser.language=en,-Duser.variant]

  Looking for a different daemon...
The client will now receive all logging from the daemon (pid: 4048). The daemon log file: C:\Users\ronpa\.gradle\daemon\8.14.3\daemon-4048.out.log
Starting 15th build in daemon [uptime: 51 mins 36.544 secs, performance: 100%, GC rate: 0.00/s, heap usage: 0% of 512 MiB, non-heap usage: 20% of 384 MiB]
Using 12 worker leases.
Now considering [C:\Users\ronpa\OneDrive\Documents\GitHub\CalTrack] as hierarchies to watch
Watching the file system is configured to be enabled if available
File system watching is active
Starting Build
Settings evaluated using settings file 'C:\Users\ronpa\OneDrive\Documents\GitHub\CalTrack\settings.gradle'.
Projects loaded. Root project using build file 'C:\Users\ronpa\OneDrive\Documents\GitHub\CalTrack\build.gradle'.
Included projects: [root project 'caltrack']

> Configure project :
Evaluating root project 'caltrack' using build file 'C:\Users\ronpa\OneDrive\Documents\GitHub\CalTrack\build.gradle'.
Resolved plugin [id: 'java']
Resolved plugin [id: 'org.springframework.boot', version: '3.4.1']
Resolved plugin [id: 'io.spring.dependency-management', version: '1.1.7']
Applying dependency management to configuration 'annotationProcessor' in project 'caltrack'
Applying dependency management to configuration 'apiElements' in project 'caltrack'
Applying dependency management to configuration 'archives' in project 'caltrack'
Applying dependency management to configuration 'bootArchives' in project 'caltrack'
Applying dependency management to configuration 'compileClasspath' in project 'caltrack'
Applying dependency management to configuration 'compileOnly' in project 'caltrack'
Applying dependency management to configuration 'default' in project 'caltrack'
Applying dependency management to configuration 'developmentOnly' in project 'caltrack'
Applying dependency management to configuration 'implementation' in project 'caltrack'
Applying dependency management to configuration 'mainSourceElements' in project 'caltrack'
Applying dependency management to configuration 'productionRuntimeClasspath' in project 'caltrack'
Applying dependency management to configuration 'runtimeClasspath' in project 'caltrack'
Applying dependency management to configuration 'runtimeElements' in project 'caltrack'
Applying dependency management to configuration 'runtimeOnly' in project 'caltrack'
Applying dependency management to configuration 'testAndDevelopmentOnly' in project 'caltrack'
Applying dependency management to configuration 'testAnnotationProcessor' in project 'caltrack'
Applying dependency management to configuration 'testCompileClasspath' in project 'caltrack'
Applying dependency management to configuration 'testCompileOnly' in project 'caltrack'
Applying dependency management to configuration 'testImplementation' in project 'caltrack'
Applying dependency management to configuration 'testResultsElementsForTest' in project 'caltrack'
Applying dependency management to configuration 'testRuntimeClasspath' in project 'caltrack'
Applying dependency management to configuration 'testRuntimeOnly' in project 'caltrack'
All projects evaluated.
Task name matched 'bootRun'
Selected primary task 'bootRun' from project :
Resolving global dependency management for project 'caltrack'
Excluding [com.google.protobuf:protobuf-java]
Excluding []
Excluding []
Excluding []
Excluding []
Tasks to be executed: [task ':compileJava', task ':processResources', task ':classes', task ':resolveMainClassName', task ':bootRun']
Tasks that were excluded: []
Resolve mutations for :compileJava (Thread[Execution worker,5,main]) started.
:compileJava (Thread[Execution worker,5,main]) started.

> Task :compileJava UP-TO-DATE
Custom actions are attached to task ':compileJava'.
Caching disabled for task ':compileJava' because:
  Build cache is disabled
Skipping task ':compileJava' as it is up-to-date.
Resolve mutations for :processResources (Thread[Execution worker,5,main]) started.
:processResources (Thread[Execution worker,5,main]) started.

> Task :processResources UP-TO-DATE
Caching disabled for task ':processResources' because:
  Build cache is disabled
  Not worth caching
Skipping task ':processResources' as it is up-to-date.
Resolve mutations for :classes (Thread[Execution worker,5,main]) started.
:classes (Thread[Execution worker,5,main]) started.

> Task :classes UP-TO-DATE
Skipping task ':classes' as it has no actions.
Resolve mutations for :resolveMainClassName (Thread[Execution worker,5,main]) started.
:resolveMainClassName (Thread[Execution worker,5,main]) started.

> Task :resolveMainClassName UP-TO-DATE
Caching disabled for task ':resolveMainClassName' because:
  Build cache is disabled
  Not worth caching
Skipping task ':resolveMainClassName' as it is up-to-date.
Resolve mutations for :bootRun (Thread[Execution worker,5,main]) started.
:bootRun (Thread[Execution worker,5,main]) started.

> Task :bootRun
Caching disabled for task ':bootRun' because:
  Build cache is disabled
Task ':bootRun' is not up-to-date because:
  Task has not declared any outputs despite executing actions.
Starting process 'command 'C:\Program Files\Java\jdk-17\bin\java.exe''. Working directory: C:\Users\ronpa\OneDrive\Documents\GitHub\CalTrack Command: C:\Program Files\Java\jdk-17\bin\java.exe -XX:TieredStopAtLevel=1 -Dfile.encoding=windows-1252 -Duser.country=US -Duser.language=en -Duser.variant -cp C:\Users\ronpa\OneDrive\Documents\GitHub\CalTrack\build\classes\java\main;C:\Users\ronpa\OneDrive\Documents\GitHub\CalTrack\build\resources\main;C:\Users\ronpa\.gradle\caches\modules-2\files-2.1\com.mysql\mysql-connector-j\9.1.0\5fb1d513278e1a9767dfa80ea9d8d7ee909f1a\mysql-connector-j-9.1.0.jar;C:\Users\ronpa\.gradle\caches\modules-2\files-2.1\org.hibernate.orm\hibernate-core\6.6.4.Final\95c6d2d58c40dbbfbbd58084941e5cbca4ddef2f\hibernate-core-6.6.4.Final.jar;C:\Users\ronpa\.gradle\caches\modules-2\files-2.1\org.springframework.data\spring-data-jpa\3.4.1\1c704fa9169ea3745775568e733fddd0132070b2\spring-data-jpa-3.4.1.jar;C:\Users\ronpa\.gradle\caches\modules-2\files-2.1\org.springframework\spring-aspects\6.2.1\50350218608abf215ae40ef00c87cc666737e199\spring-aspects-6.2.1.jar;C:\Users\ronpa\.gradle\caches\modules-2\files-2.1\org.springframework.security\spring-security-config\6.4.2\5ed985329eb14b1c61045160c8dcbbcab179ddd3\spring-security-config-6.4.2.jar;C:\Users\ronpa\.gradle\caches\modules-2\files-2.1\org.springframework.security\spring-security-web\6.4.2\733a3bbbdca56225676fb7f4e3f317c2075fc383\spring-security-web-6.4.2.jar;C:\Users\ronpa\.gradle\caches\modules-2\files-2.1\org.springframework\spring-webmvc\6.2.1\44bdf7e5641d44044ac52d7bb5c1fc46004e7754\spring-webmvc-6.2.1.jar;C:\Users\ronpa\.gradle\caches\modules-2\files-2.1\org.springframework.boot\spring-boot-autoconfigure\3.4.1\f17b54cc5816ec8f06d0aca9df11c330ead97f2a\spring-boot-autoconfigure-3.4.1.jar;C:\Users\ronpa\.gradle\caches\modules-2\files-2.1\org.springframework.boot\spring-boot\3.4.1\5fb9890a5eb7c4e86c8f5c0f6960b79240daf3d5\spring-boot-3.4.1.jar;C:\Users\ronpa\.gradle\caches\modules-2\files-2.1\org.springframework.security\spring-security-core\6.4.2\51302b2af3f01eb79fdc7164a4cc3a3aa7e3b541\spring-security-core-6.4.2.jar;C:\Users\ronpa\.gradle\caches\modules-2\files-2.1\org.springframework\spring-context\6.2.1\f56c7431b03860bfdb016e68f484c5c35531ef2e\spring-context-6.2.1.jar;C:\Users\ronpa\.gradle\caches\modules-2\files-2.1\org.springframework\spring-aop\6.2.1\a9384de38fc00751084446ba014a0c4962240244\spring-aop-6.2.1.jar;C:\Users\ronpa\.gradle\caches\modules-2\files-2.1\org.apache.tomcat.embed\tomcat-embed-el\10.1.34\d2b2daca3bc999c62e58ae36b45ba0582530fb25\tomcat-embed-el-10.1.34.jar;C:\Users\ronpa\.gradle\caches\modules-2\files-2.1\org.hibernate.validator\hibernate-validator\8.0.2.Final\220e64815dd87535525331de20570017f899eb13\hibernate-validator-8.0.2.Final.jar;C:\Users\ronpa\.gradle\caches\modules-2\files-2.1\org.springframework\spring-web\6.2.1\877acb94c5b3a0c92e652b6bebdfdc7c60922ac8\spring-web-6.2.1.jar;C:\Users\ronpa\.gradle\caches\modules-2\files-2.1\jakarta.annotation\jakarta.annotation-api\2.1.1\48b9bda22b091b1f48b13af03fe36db3be6e1ae3\jakarta.annotation-api-2.1.1.jar;C:\Users\ronpa\.gradle\caches\modules-2\files-2.1\org.springframework\spring-orm\6.2.1\7fd75b4984d92c3c5e46ee94365cfc79d2daa821\spring-orm-6.2.1.jar;C:\Users\ronpa\.gradle\caches\modules-2\files-2.1\org.springframework\spring-jdbc\6.2.1\def8d3d9bebafc36c19f8407645eddde32454c8a\spring-jdbc-6.2.1.jar;C:\Users\ronpa\.gradle\caches\modules-2\files-2.1\org.springframework.data\spring-data-commons\3.4.1\3ae5f19bc2b1b30de85b0610ae25818c2e7c295a\spring-data-commons-3.4.1.jar;C:\Users\ronpa\.gradle\caches\modules-2\files-2.1\org.springframework\spring-tx\6.2.1\5ffde4fee85ff021ad613b9e86a9be893fb52572\spring-tx-6.2.1.jar;C:\Users\ronpa\.gradle\caches\modules-2\files-2.1\org.springframework\spring-beans\6.2.1\ab57ec03ba6900075bf28e3cd70ccce173205b8d\spring-beans-6.2.1.jar;C:\Users\ronpa\.gradle\caches\modules-2\files-2.1\org.springframework\spring-expression\6.2.1\91fcf6b9501705c31c8337e2713fe823bb512b24\spring-expression-6.2.1.jar;C:\Users\ronpa\.gradle\caches\modules-2\files-2.1\org.springframework\spring-core\6.2.1\f42e6b51d9c0c2fcf95df9e5848470d173adc9af\spring-core-6.2.1.jar;C:\Users\ronpa\.gradle\caches\modules-2\files-2.1\org.yaml\snakeyaml\2.3\936b36210e27320f920536f695cf1af210c44586\snakeyaml-2.3.jar;C:\Users\ronpa\.gradle\caches\modules-2\files-2.1\com.zaxxer\HikariCP\5.1.0\8c96e36c14461fc436bb02b264b96ef3ca5dca8c\HikariCP-5.1.0.jar;C:\Users\ronpa\.gradle\caches\modules-2\files-2.1\jakarta.persistence\jakarta.persistence-api\3.1.0\66901fa1c373c6aff65c13791cc11da72060a8d6\jakarta.persistence-api-3.1.0.jar;C:\Users\ronpa\.gradle\caches\modules-2\files-2.1\jakarta.transaction\jakarta.transaction-api\2.0.1\51a520e3fae406abb84e2e1148e6746ce3f80a1a\jakarta.transaction-api-2.0.1.jar;C:\Users\ronpa\.gradle\caches\modules-2\files-2.1\org.jboss.logging\jboss-logging\3.6.1.Final\886afbb445b4016a37c8960a7aef6ebd769ce7e5\jboss-logging-3.6.1.Final.jar;C:\Users\ronpa\.gradle\caches\modules-2\files-2.1\org.hibernate.common\hibernate-commons-annotations\7.0.3.Final\e183c4be8bb41d12e9f19b374e00c34a0a85f439\hibernate-commons-annotations-7.0.3.Final.jar;C:\Users\ronpa\.gradle\caches\modules-2\files-2.1\io.smallrye\jandex\3.2.0\f17ad860f62a08487b9edabde608f8ac55c62fa7\jandex-3.2.0.jar;C:\Users\ronpa\.gradle\caches\modules-2\files-2.1\com.fasterxml\classmate\1.7.0\e98374da1f2143ac8e6e0a95036994bb19137a3\classmate-1.7.0.jar;C:\Users\ronpa\.gradle\caches\modules-2\files-2.1\net.bytebuddy\byte-buddy\1.15.11\f61886478e0f9ee4c21d09574736f0ff45e0a46c\byte-buddy-1.15.11.jar;C:\Users\ronpa\.gradle\caches\modules-2\files-2.1\org.glassfish.jaxb\jaxb-runtime\4.0.5\ca84c2a7169b5293e232b9d00d1e4e36d4c3914a\jaxb-runtime-4.0.5.jar;C:\Users\ronpa\.gradle\caches\modules-2\files-2.1\org.glassfish.jaxb\jaxb-core\4.0.5\7b4b11ea5542eea4ad55e1080b23be436795b3\jaxb-core-4.0.5.jar;C:\Users\ronpa\.gradle\caches\modules-2\files-2.1\jakarta.xml.bind\jakarta.xml.bind-api\4.0.2\6cd5a999b834b63238005b7144136379dc36cad2\jakarta.xml.bind-api-4.0.2.jar;C:\Users\ronpa\.gradle\caches\modules-2\files-2.1\jakarta.inject\jakarta.inject-api\2.0.1\4c28afe1991a941d7702fe1362c365f0a8641d1e\jakarta.inject-api-2.0.1.jar;C:\Users\ronpa\.gradle\caches\modules-2\files-2.1\org.antlr\antlr4-runtime\4.13.0\5a02e48521624faaf5ff4d99afc88b01686af655\antlr4-runtime-4.13.0.jar;C:\Users\ronpa\.gradle\caches\modules-2\files-2.1\ch.qos.logback\logback-classic\1.5.12\3790d1a62e868f7915776dfb392bd9a29ce8d954\logback-classic-1.5.12.jar;C:\Users\ronpa\.gradle\caches\modules-2\files-2.1\org.apache.logging.log4j\log4j-to-slf4j\2.24.3\da1143e2a2531ee1c2d90baa98eb50a28a39d5a7\log4j-to-slf4j-2.24.3.jar;C:\Users\ronpa\.gradle\caches\modules-2\files-2.1\org.slf4j\jul-to-slf4j\2.0.16\6d57da3e961daac65bcca0dd3def6cd11e48a24a\jul-to-slf4j-2.0.16.jar;C:\Users\ronpa\.gradle\caches\modules-2\files-2.1\org.slf4j\slf4j-api\2.0.16\172931663a09a1fa515567af5fbef00897d3c04\slf4j-api-2.0.16.jar;C:\Users\ronpa\.gradle\caches\modules-2\files-2.1\org.aspectj\aspectjweaver\1.9.22.1\bca243d0af0db4758fbae45c5f4995cb5dabb612\aspectjweaver-1.9.22.1.jar;C:\Users\ronpa\.gradle\caches\modules-2\files-2.1\jakarta.validation\jakarta.validation-api\3.0.2\92b6631659ba35ca09e44874d3eb936edfeee532\jakarta.validation-api-3.0.2.jar;C:\Users\ronpa\.gradle\caches\modules-2\files-2.1\com.fasterxml.jackson.datatype\jackson-datatype-jsr310\2.18.2\7b6ff96adf421f4c6edbd694e797dd8fe434510a\jackson-datatype-jsr310-2.18.2.jar;C:\Users\ronpa\.gradle\caches\modules-2\files-2.1\com.fasterxml.jackson.module\jackson-module-parameter-names\2.18.2\72960cb3277347a748911d100c3302d60e8a616a\jackson-module-parameter-names-2.18.2.jar;C:\Users\ronpa\.gradle\caches\modules-2\files-2.1\com.fasterxml.jackson.core\jackson-annotations\2.18.2\985d77751ebc7fce5db115a986bc9aa82f973f4a\jackson-annotations-2.18.2.jar;C:\Users\ronpa\.gradle\caches\modules-2\files-2.1\com.fasterxml.jackson.core\jackson-core\2.18.2\fb64ccac5c27dca8819418eb4e443a9f496d9ee7\jackson-core-2.18.2.jar;C:\Users\ronpa\.gradle\caches\modules-2\files-2.1\com.fasterxml.jackson.datatype\jackson-datatype-jdk8\2.18.2\9ed6d538ebcc66864e114a7040953dce6ab6ea53\jackson-datatype-jdk8-2.18.2.jar;C:\Users\ronpa\.gradle\caches\modules-2\files-2.1\com.fasterxml.jackson.core\jackson-databind\2.18.2\deef8697b92141fb6caf7aa86966cff4eec9b04f\jackson-databind-2.18.2.jar;C:\Users\ronpa\.gradle\caches\modules-2\files-2.1\org.apache.tomcat.embed\tomcat-embed-websocket\10.1.34\eef6d430f34b6e393b8d9e40f10db9043732b4e5\tomcat-embed-websocket-10.1.34.jar;C:\Users\ronpa\.gradle\caches\modules-2\files-2.1\org.apache.tomcat.embed\tomcat-embed-core\10.1.34\f610f84be607fbc82e393cc220f0ad45f92afc91\tomcat-embed-core-10.1.34.jar;C:\Users\ronpa\.gradle\caches\modules-2\files-2.1\io.micrometer\micrometer-observation\1.14.2\a9cad29cc04c0f7e30e3e58b454d4cd47ccc54bd\micrometer-observation-1.14.2.jar;C:\Users\ronpa\.gradle\caches\modules-2\files-2.1\org.springframework\spring-jcl\6.2.1\a5d662d64470aff0ae51d210147bb6ede31a8ea3\spring-jcl-6.2.1.jar;C:\Users\ronpa\.gradle\caches\modules-2\files-2.1\org.eclipse.angus\angus-activation\2.0.2\41f1e0ddd157c856926ed149ab837d110955a9fc\angus-activation-2.0.2.jar;C:\Users\ronpa\.gradle\caches\modules-2\files-2.1\jakarta.activation\jakarta.activation-api\2.1.3\fa165bd70cda600368eee31555222776a46b881f\jakarta.activation-api-2.1.3.jar;C:\Users\ronpa\.gradle\caches\modules-2\files-2.1\org.springframework.security\spring-security-crypto\6.4.2\a4d5bf27ca449200fc39e07de6ae016eb1ad21da\spring-security-crypto-6.4.2.jar;C:\Users\ronpa\.gradle\caches\modules-2\files-2.1\io.micrometer\micrometer-commons\1.14.2\69c454dbec59c7842cf59a534b7ec03618d75b91\micrometer-commons-1.14.2.jar;C:\Users\ronpa\.gradle\caches\modules-2\files-2.1\ch.qos.logback\logback-core\1.5.12\65b1fa25fe8d8e4bdc140e79eb67ac6741f775e2\logback-core-1.5.12.jar;C:\Users\ronpa\.gradle\caches\modules-2\files-2.1\org.apache.logging.log4j\log4j-api\2.24.3\b02c125db8b6d295adf72ae6e71af5d83bce2370\log4j-api-2.24.3.jar;C:\Users\ronpa\.gradle\caches\modules-2\files-2.1\org.glassfish.jaxb\txw2\4.0.5\f36a4ef12120a9bb06d766d6a0e54b144fd7ed98\txw2-4.0.5.jar;C:\Users\ronpa\.gradle\caches\modules-2\files-2.1\com.sun.istack\istack-commons-runtime\4.1.2\18ec117c85f3ba0ac65409136afa8e42bc74e739\istack-commons-runtime-4.1.2.jar com.caltrack.CalTrackApplication
Successfully started process 'command 'C:\Program Files\Java\jdk-17\bin\java.exe''

  .   ____          _            __ _ _
 /\\ / ___'_ __ _ _(_)_ __  __ _ \ \ \ \
( ( )\___ | '_ | '_| | '_ \/ _` | \ \ \ \
 \\/  ___)| |_)| | | | | || (_| |  ) ) ) )
  '  |____| .__|_| |_|_| |_\__, | / / / /
 =========|_|==============|___/=/_/_/_/

 :: Spring Boot ::                (v3.4.1)

2025-12-03T16:18:37.863+08:00  INFO 22448 --- [CalTrack] [           main] com.caltrack.CalTrackApplication         : Starting CalTrackApplication using Java 17.0.12 with PID 22448 (C:\Users\ronpa\OneDrive\Documents\GitHub\CalTrack\build\classes\java\main started by ronpa in C:\Users\ronpa\OneDrive\Documents\GitHub\CalTrack)
2025-12-03T16:18:37.866+08:00  INFO 22448 --- [CalTrack] [           main] com.caltrack.CalTrackApplication         : No active profile set, falling back to 1 default profile: "default"
2025-12-03T16:18:38.516+08:00  INFO 22448 --- [CalTrack] [           main] .s.d.r.c.RepositoryConfigurationDelegate : Bootstrapping Spring Data JPA repositories in DEFAULT mode.
2025-12-03T16:18:38.578+08:00  INFO 22448 --- [CalTrack] [           main] .s.d.r.c.RepositoryConfigurationDelegate : Finished Spring Data repository scanning in 55 ms. Found 4 JPA repository interfaces.
2025-12-03T16:18:39.171+08:00  INFO 22448 --- [CalTrack] [           main] o.s.b.w.embedded.tomcat.TomcatWebServer  : Tomcat initialized with port 8080 (http)
2025-12-03T16:18:39.183+08:00  INFO 22448 --- [CalTrack] [           main] o.apache.catalina.core.StandardService   : Starting service [Tomcat]
2025-12-03T16:18:39.183+08:00  INFO 22448 --- [CalTrack] [           main] o.apache.catalina.core.StandardEngine    : Starting Servlet engine: [Apache Tomcat/10.1.34]
2025-12-03T16:18:39.254+08:00  INFO 22448 --- [CalTrack] [           main] o.a.c.c.C.[Tomcat].[localhost].[/]       : Initializing Spring embedded WebApplicationContext
2025-12-03T16:18:39.255+08:00  INFO 22448 --- [CalTrack] [           main] w.s.c.ServletWebServerApplicationContext : Root WebApplicationContext: initialization completed in 1339 ms
2025-12-03T16:18:39.402+08:00  INFO 22448 --- [CalTrack] [           main] o.hibernate.jpa.internal.util.LogHelper  : HHH000204: Processing PersistenceUnitInfo [name: default]
2025-12-03T16:18:39.447+08:00  INFO 22448 --- [CalTrack] [           main] org.hibernate.Version                    : HHH000412: Hibernate ORM core version 6.6.4.Final
2025-12-03T16:18:39.480+08:00  INFO 22448 --- [CalTrack] [           main] o.h.c.internal.RegionFactoryInitiator    : HHH000026: Second-level cache disabled
2025-12-03T16:18:39.758+08:00  INFO 22448 --- [CalTrack] [           main] o.s.o.j.p.SpringPersistenceUnitInfo      : No LoadTimeWeaver setup: ignoring JPA class transformer
2025-12-03T16:18:39.789+08:00  INFO 22448 --- [CalTrack] [           main] com.zaxxer.hikari.HikariDataSource       : HikariPool-1 - Starting...
2025-12-03T16:18:40.973+08:00  WARN 22448 --- [CalTrack] [           main] o.h.engine.jdbc.spi.SqlExceptionHelper   : SQL Error: 1045, SQLState: 28000
2025-12-03T16:18:40.973+08:00 ERROR 22448 --- [CalTrack] [           main] o.h.engine.jdbc.spi.SqlExceptionHelper   : Access denied for user 'root'@'localhost' (using password: YES)
2025-12-03T16:18:40.974+08:00  WARN 22448 --- [CalTrack] [           main] o.h.e.j.e.i.JdbcEnvironmentInitiator     : HHH000342: Could not obtain connection to query metadata

org.hibernate.exception.GenericJDBCException: unable to obtain isolated JDBC connection [Access denied for user 'root'@'localhost' (using password: YES)] [n/a]
	at org.hibernate.exception.internal.StandardSQLExceptionConverter.convert(StandardSQLExceptionConverter.java:63) ~[hibernate-core-6.6.4.Final.jar:6.6.4.Final]
	at org.hibernate.engine.jdbc.spi.SqlExceptionHelper.convert(SqlExceptionHelper.java:108) ~[hibernate-core-6.6.4.Final.jar:6.6.4.Final]
	at org.hibernate.engine.jdbc.spi.SqlExceptionHelper.convert(SqlExceptionHelper.java:94) ~[hibernate-core-6.6.4.Final.jar:6.6.4.Final]
	at org.hibernate.resource.transaction.backend.jdbc.internal.JdbcIsolationDelegate.delegateWork(JdbcIsolationDelegate.java:116) ~[hibernate-core-6.6.4.Final.jar:6.6.4.Final]
	at org.hibernate.engine.jdbc.env.internal.JdbcEnvironmentInitiator.getJdbcEnvironmentUsingJdbcMetadata(JdbcEnvironmentInitiator.java:320) ~[hibernate-core-6.6.4.Final.jar:6.6.4.Final]
	at org.hibernate.engine.jdbc.env.internal.JdbcEnvironmentInitiator.initiateService(JdbcEnvironmentInitiator.java:129) ~[hibernate-core-6.6.4.Final.jar:6.6.4.Final]
	at org.hibernate.engine.jdbc.env.internal.JdbcEnvironmentInitiator.initiateService(JdbcEnvironmentInitiator.java:81) ~[hibernate-core-6.6.4.Final.jar:6.6.4.Final]
	at org.hibernate.boot.registry.internal.StandardServiceRegistryImpl.initiateService(StandardServiceRegistryImpl.java:130) ~[hibernate-core-6.6.4.Final.jar:6.6.4.Final]
	at org.hibernate.service.internal.AbstractServiceRegistryImpl.createService(AbstractServiceRegistryImpl.java:263) ~[hibernate-core-6.6.4.Final.jar:6.6.4.Final]
	at org.hibernate.service.internal.AbstractServiceRegistryImpl.initializeService(AbstractServiceRegistryImpl.java:238) ~[hibernate-core-6.6.4.Final.jar:6.6.4.Final]
	at org.hibernate.service.internal.AbstractServiceRegistryImpl.getService(AbstractServiceRegistryImpl.java:215) ~[hibernate-core-6.6.4.Final.jar:6.6.4.Final]
	at org.hibernate.boot.model.relational.Database.<init>(Database.java:45) ~[hibernate-core-6.6.4.Final.jar:6.6.4.Final]
	at org.hibernate.boot.internal.InFlightMetadataCollectorImpl.getDatabase(InFlightMetadataCollectorImpl.java:226) ~[hibernate-core-6.6.4.Final.jar:6.6.4.Final]
	at org.hibernate.boot.internal.InFlightMetadataCollectorImpl.<init>(InFlightMetadataCollectorImpl.java:194) ~[hibernate-core-6.6.4.Final.jar:6.6.4.Final]
	at org.hibernate.boot.model.process.spi.MetadataBuildingProcess.complete(MetadataBuildingProcess.java:171) ~[hibernate-core-6.6.4.Final.jar:6.6.4.Final]
	at org.hibernate.jpa.boot.internal.EntityManagerFactoryBuilderImpl.metadata(EntityManagerFactoryBuilderImpl.java:1431) ~[hibernate-core-6.6.4.Final.jar:6.6.4.Final]
	at org.hibernate.jpa.boot.internal.EntityManagerFactoryBuilderImpl.build(EntityManagerFactoryBuilderImpl.java:1502) ~[hibernate-core-6.6.4.Final.jar:6.6.4.Final]
	at org.springframework.orm.jpa.vendor.SpringHibernateJpaPersistenceProvider.createContainerEntityManagerFactory(SpringHibernateJpaPersistenceProvider.java:66) ~[spring-orm-6.2.1.jar:6.2.1]
	at org.springframework.orm.jpa.LocalContainerEntityManagerFactoryBean.createNativeEntityManagerFactory(LocalContainerEntityManagerFactoryBean.java:390) ~[spring-orm-6.2.1.jar:6.2.1]
	at org.springframework.orm.jpa.AbstractEntityManagerFactoryBean.buildNativeEntityManagerFactory(AbstractEntityManagerFactoryBean.java:419) ~[spring-orm-6.2.1.jar:6.2.1]
	at org.springframework.orm.jpa.AbstractEntityManagerFactoryBean.afterPropertiesSet(AbstractEntityManagerFactoryBean.java:400) ~[spring-orm-6.2.1.jar:6.2.1]
	at org.springframework.orm.jpa.LocalContainerEntityManagerFactoryBean.afterPropertiesSet(LocalContainerEntityManagerFactoryBean.java:366) ~[spring-orm-6.2.1.jar:6.2.1]
	at org.springframework.beans.factory.support.AbstractAutowireCapableBeanFactory.invokeInitMethods(AbstractAutowireCapableBeanFactory.java:1855) ~[spring-beans-6.2.1.jar:6.2.1]
	at org.springframework.beans.factory.support.AbstractAutowireCapableBeanFactory.initializeBean(AbstractAutowireCapableBeanFactory.java:1804) ~[spring-beans-6.2.1.jar:6.2.1]
	at org.springframework.beans.factory.support.AbstractAutowireCapableBeanFactory.doCreateBean(AbstractAutowireCapableBeanFactory.java:601) ~[spring-beans-6.2.1.jar:6.2.1]
	at org.springframework.beans.factory.support.AbstractAutowireCapableBeanFactory.createBean(AbstractAutowireCapableBeanFactory.java:523) ~[spring-beans-6.2.1.jar:6.2.1]
	at org.springframework.beans.factory.support.AbstractBeanFactory.lambda$doGetBean$0(AbstractBeanFactory.java:336) ~[spring-beans-6.2.1.jar:6.2.1]
	at org.springframework.beans.factory.support.DefaultSingletonBeanRegistry.getSingleton(DefaultSingletonBeanRegistry.java:289) ~[spring-beans-6.2.1.jar:6.2.1]
	at org.springframework.beans.factory.support.AbstractBeanFactory.doGetBean(AbstractBeanFactory.java:334) ~[spring-beans-6.2.1.jar:6.2.1]
	at org.springframework.beans.factory.support.AbstractBeanFactory.getBean(AbstractBeanFactory.java:204) ~[spring-beans-6.2.1.jar:6.2.1]
	at org.springframework.context.support.AbstractApplicationContext.finishBeanFactoryInitialization(AbstractApplicationContext.java:970) ~[spring-context-6.2.1.jar:6.2.1]
	at org.springframework.context.support.AbstractApplicationContext.refresh(AbstractApplicationContext.java:627) ~[spring-context-6.2.1.jar:6.2.1]
	at org.springframework.boot.web.servlet.context.ServletWebServerApplicationContext.refresh(ServletWebServerApplicationContext.java:146) ~[spring-boot-3.4.1.jar:3.4.1]
	at org.springframework.boot.SpringApplication.refresh(SpringApplication.java:752) ~[spring-boot-3.4.1.jar:3.4.1]
	at org.springframework.boot.SpringApplication.refreshContext(SpringApplication.java:439) ~[spring-boot-3.4.1.jar:3.4.1]
	at org.springframework.boot.SpringApplication.run(SpringApplication.java:318) ~[spring-boot-3.4.1.jar:3.4.1]
	at org.springframework.boot.SpringApplication.run(SpringApplication.java:1361) ~[spring-boot-3.4.1.jar:3.4.1]
	at org.springframework.boot.SpringApplication.run(SpringApplication.java:1350) ~[spring-boot-3.4.1.jar:3.4.1]
	at com.caltrack.CalTrackApplication.main(CalTrackApplication.java:10) ~[main/:na]
Caused by: java.sql.SQLException: Access denied for user 'root'@'localhost' (using password: YES)
	at com.mysql.cj.jdbc.exceptions.SQLError.createSQLException(SQLError.java:121) ~[mysql-connector-j-9.1.0.jar:9.1.0]
	at com.mysql.cj.jdbc.exceptions.SQLExceptionsMapping.translateException(SQLExceptionsMapping.java:114) ~[mysql-connector-j-9.1.0.jar:9.1.0]
	at com.mysql.cj.jdbc.ConnectionImpl.createNewIO(ConnectionImpl.java:837) ~[mysql-connector-j-9.1.0.jar:9.1.0]
	at com.mysql.cj.jdbc.ConnectionImpl.<init>(ConnectionImpl.java:420) ~[mysql-connector-j-9.1.0.jar:9.1.0]
	at com.mysql.cj.jdbc.ConnectionImpl.getInstance(ConnectionImpl.java:238) ~[mysql-connector-j-9.1.0.jar:9.1.0]
	at com.mysql.cj.jdbc.NonRegisteringDriver.connect(NonRegisteringDriver.java:180) ~[mysql-connector-j-9.1.0.jar:9.1.0]
	at com.zaxxer.hikari.util.DriverDataSource.getConnection(DriverDataSource.java:137) ~[HikariCP-5.1.0.jar:na]
	at com.zaxxer.hikari.pool.PoolBase.newConnection(PoolBase.java:360) ~[HikariCP-5.1.0.jar:na]
	at com.zaxxer.hikari.pool.PoolBase.newPoolEntry(PoolBase.java:202) ~[HikariCP-5.1.0.jar:na]
	at com.zaxxer.hikari.pool.HikariPool.createPoolEntry(HikariPool.java:461) ~[HikariCP-5.1.0.jar:na]
	at com.zaxxer.hikari.pool.HikariPool.checkFailFast(HikariPool.java:550) ~[HikariCP-5.1.0.jar:na]
	at com.zaxxer.hikari.pool.HikariPool.<init>(HikariPool.java:98) ~[HikariCP-5.1.0.jar:na]
	at com.zaxxer.hikari.HikariDataSource.getConnection(HikariDataSource.java:111) ~[HikariCP-5.1.0.jar:na]
	at org.hibernate.engine.jdbc.connections.internal.DatasourceConnectionProviderImpl.getConnection(DatasourceConnectionProviderImpl.java:126) ~[hibernate-core-6.6.4.Final.jar:6.6.4.Final]
	at org.hibernate.engine.jdbc.env.internal.JdbcEnvironmentInitiator$ConnectionProviderJdbcConnectionAccess.obtainConnection(JdbcEnvironmentInitiator.java:467) ~[hibernate-core-6.6.4.Final.jar:6.6.4.Final]
	at org.hibernate.resource.transaction.backend.jdbc.internal.JdbcIsolationDelegate.delegateWork(JdbcIsolationDelegate.java:61) ~[hibernate-core-6.6.4.Final.jar:6.6.4.Final]
	... 35 common frames omitted

2025-12-03T16:18:40.977+08:00 ERROR 22448 --- [CalTrack] [           main] j.LocalContainerEntityManagerFactoryBean : Failed to initialize JPA EntityManagerFactory: Unable to create requested service [org.hibernate.engine.jdbc.env.spi.JdbcEnvironment] due to: Unable to determine Dialect without JDBC metadata (please set 'jakarta.persistence.jdbc.url' for common cases or 'hibernate.dialect' when a custom Dialect implementation must be provided)
2025-12-03T16:18:40.977+08:00  WARN 22448 --- [CalTrack] [           main] ConfigServletWebServerApplicationContext : Exception encountered during context initialization - cancelling refresh attempt: org.springframework.beans.factory.BeanCreationException: Error creating bean with name 'entityManagerFactory' defined in class path resource [org/springframework/boot/autoconfigure/orm/jpa/HibernateJpaConfiguration.class]: Unable to create requested service [org.hibernate.engine.jdbc.env.spi.JdbcEnvironment] due to: Unable to determine Dialect without JDBC metadata (please set 'jakarta.persistence.jdbc.url' for common cases or 'hibernate.dialect' when a custom Dialect implementation must be provided)
2025-12-03T16:18:40.980+08:00  INFO 22448 --- [CalTrack] [           main] o.apache.catalina.core.StandardService   : Stopping service [Tomcat]
2025-12-03T16:18:40.989+08:00  INFO 22448 --- [CalTrack] [           main] .s.b.a.l.ConditionEvaluationReportLogger : 

Error starting ApplicationContext. To display the condition evaluation report re-run your application with 'debug' enabled.
2025-12-03T16:18:41.001+08:00 ERROR 22448 --- [CalTrack] [           main] o.s.boot.SpringApplication               : Application run failed

org.springframework.beans.factory.BeanCreationException: Error creating bean with name 'entityManagerFactory' defined in class path resource [org/springframework/boot/autoconfigure/orm/jpa/HibernateJpaConfiguration.class]: Unable to create requested service [org.hibernate.engine.jdbc.env.spi.JdbcEnvironment] due to: Unable to determine Dialect without JDBC metadata (please set 'jakarta.persistence.jdbc.url' for common cases or 'hibernate.dialect' when a custom Dialect implementation must be provided)
	at org.springframework.beans.factory.support.AbstractAutowireCapableBeanFactory.initializeBean(AbstractAutowireCapableBeanFactory.java:1808) ~[spring-beans-6.2.1.jar:6.2.1]
	at org.springframework.beans.factory.support.AbstractAutowireCapableBeanFactory.doCreateBean(AbstractAutowireCapableBeanFactory.java:601) ~[spring-beans-6.2.1.jar:6.2.1]
	at org.springframework.beans.factory.support.AbstractAutowireCapableBeanFactory.createBean(AbstractAutowireCapableBeanFactory.java:523) ~[spring-beans-6.2.1.jar:6.2.1]
	at org.springframework.beans.factory.support.AbstractBeanFactory.lambda$doGetBean$0(AbstractBeanFactory.java:336) ~[spring-beans-6.2.1.jar:6.2.1]
	at org.springframework.beans.factory.support.DefaultSingletonBeanRegistry.getSingleton(DefaultSingletonBeanRegistry.java:289) ~[spring-beans-6.2.1.jar:6.2.1]
	at org.springframework.beans.factory.support.AbstractBeanFactory.doGetBean(AbstractBeanFactory.java:334) ~[spring-beans-6.2.1.jar:6.2.1]
	at org.springframework.beans.factory.support.AbstractBeanFactory.getBean(AbstractBeanFactory.java:204) ~[spring-beans-6.2.1.jar:6.2.1]
	at org.springframework.context.support.AbstractApplicationContext.finishBeanFactoryInitialization(AbstractApplicationContext.java:970) ~[spring-context-6.2.1.jar:6.2.1]
	at org.springframework.context.support.AbstractApplicationContext.refresh(AbstractApplicationContext.java:627) ~[spring-context-6.2.1.jar:6.2.1]
	at org.springframework.boot.web.servlet.context.ServletWebServerApplicationContext.refresh(ServletWebServerApplicationContext.java:146) ~[spring-boot-3.4.1.jar:3.4.1]
	at org.springframework.boot.SpringApplication.refresh(SpringApplication.java:752) ~[spring-boot-3.4.1.jar:3.4.1]
	at org.springframework.boot.SpringApplication.refreshContext(SpringApplication.java:439) ~[spring-boot-3.4.1.jar:3.4.1]
	at org.springframework.boot.SpringApplication.run(SpringApplication.java:318) ~[spring-boot-3.4.1.jar:3.4.1]
	at org.springframework.boot.SpringApplication.run(SpringApplication.java:1361) ~[spring-boot-3.4.1.jar:3.4.1]
	at org.springframework.boot.SpringApplication.run(SpringApplication.java:1350) ~[spring-boot-3.4.1.jar:3.4.1]
	at com.caltrack.CalTrackApplication.main(CalTrackApplication.java:10) ~[main/:na]
Caused by: org.hibernate.service.spi.ServiceException: Unable to create requested service [org.hibernate.engine.jdbc.env.spi.JdbcEnvironment] due to: Unable to determine Dialect without JDBC metadata (please set 'jakarta.persistence.jdbc.url' for common cases or 'hibernate.dialect' when a custom Dialect implementation must be provided)
	at org.hibernate.service.internal.AbstractServiceRegistryImpl.createService(AbstractServiceRegistryImpl.java:276) ~[hibernate-core-6.6.4.Final.jar:6.6.4.Final]
	at org.hibernate.service.internal.AbstractServiceRegistryImpl.initializeService(AbstractServiceRegistryImpl.java:238) ~[hibernate-core-6.6.4.Final.jar:6.6.4.Final]
	at org.hibernate.service.internal.AbstractServiceRegistryImpl.getService(AbstractServiceRegistryImpl.java:215) ~[hibernate-core-6.6.4.Final.jar:6.6.4.Final]
	at org.hibernate.boot.model.relational.Database.<init>(Database.java:45) ~[hibernate-core-6.6.4.Final.jar:6.6.4.Final]
	at org.hibernate.boot.internal.InFlightMetadataCollectorImpl.getDatabase(InFlightMetadataCollectorImpl.java:226) ~[hibernate-core-6.6.4.Final.jar:6.6.4.Final]
	at org.hibernate.boot.internal.InFlightMetadataCollectorImpl.<init>(InFlightMetadataCollectorImpl.java:194) ~[hibernate-core-6.6.4.Final.jar:6.6.4.Final]
	at org.hibernate.boot.model.process.spi.MetadataBuildingProcess.complete(MetadataBuildingProcess.java:171) ~[hibernate-core-6.6.4.Final.jar:6.6.4.Final]
	at org.hibernate.jpa.boot.internal.EntityManagerFactoryBuilderImpl.metadata(EntityManagerFactoryBuilderImpl.java:1431) ~[hibernate-core-6.6.4.Final.jar:6.6.4.Final]
	at org.hibernate.jpa.boot.internal.EntityManagerFactoryBuilderImpl.build(EntityManagerFactoryBuilderImpl.java:1502) ~[hibernate-core-6.6.4.Final.jar:6.6.4.Final]
	at org.springframework.orm.jpa.vendor.SpringHibernateJpaPersistenceProvider.createContainerEntityManagerFactory(SpringHibernateJpaPersistenceProvider.java:66) ~[spring-orm-6.2.1.jar:6.2.1]
	at org.springframework.orm.jpa.LocalContainerEntityManagerFactoryBean.createNativeEntityManagerFactory(LocalContainerEntityManagerFactoryBean.java:390) ~[spring-orm-6.2.1.jar:6.2.1]
	at org.springframework.orm.jpa.AbstractEntityManagerFactoryBean.buildNativeEntityManagerFactory(AbstractEntityManagerFactoryBean.java:419) ~[spring-orm-6.2.1.jar:6.2.1]
	at org.springframework.orm.jpa.AbstractEntityManagerFactoryBean.afterPropertiesSet(AbstractEntityManagerFactoryBean.java:400) ~[spring-orm-6.2.1.jar:6.2.1]
	at org.springframework.orm.jpa.LocalContainerEntityManagerFactoryBean.afterPropertiesSet(LocalContainerEntityManagerFactoryBean.java:366) ~[spring-orm-6.2.1.jar:6.2.1]
	at org.springframework.beans.factory.support.AbstractAutowireCapableBeanFactory.invokeInitMethods(AbstractAutowireCapableBeanFactory.java:1855) ~[spring-beans-6.2.1.jar:6.2.1]
	at org.springframework.beans.factory.support.AbstractAutowireCapableBeanFactory.initializeBean(AbstractAutowireCapableBeanFactory.java:1804) ~[spring-beans-6.2.1.jar:6.2.1]
	... 15 common frames omitted
Caused by: org.hibernate.HibernateException: Unable to determine Dialect without JDBC metadata (please set 'jakarta.persistence.jdbc.url' for common cases or 'hibernate.dialect' when a custom Dialect implementation must be provided)
	at org.hibernate.engine.jdbc.dialect.internal.DialectFactoryImpl.determineDialect(DialectFactoryImpl.java:191) ~[hibernate-core-6.6.4.Final.jar:6.6.4.Final]
	at org.hibernate.engine.jdbc.dialect.internal.DialectFactoryImpl.buildDialect(DialectFactoryImpl.java:87) ~[hibernate-core-6.6.4.Final.jar:6.6.4.Final]
	at org.hibernate.engine.jdbc.env.internal.JdbcEnvironmentInitiator.getJdbcEnvironmentWithDefaults(JdbcEnvironmentInitiator.java:181) ~[hibernate-core-6.6.4.Final.jar:6.6.4.Final]
	at org.hibernate.engine.jdbc.env.internal.JdbcEnvironmentInitiator.getJdbcEnvironmentUsingJdbcMetadata(JdbcEnvironmentInitiator.java:392) ~[hibernate-core-6.6.4.Final.jar:6.6.4.Final]
	at org.hibernate.engine.jdbc.env.internal.JdbcEnvironmentInitiator.initiateService(JdbcEnvironmentInitiator.java:129) ~[hibernate-core-6.6.4.Final.jar:6.6.4.Final]
	at org.hibernate.engine.jdbc.env.internal.JdbcEnvironmentInitiator.initiateService(JdbcEnvironmentInitiator.java:81) ~[hibernate-core-6.6.4.Final.jar:6.6.4.Final]
	at org.hibernate.boot.registry.internal.StandardServiceRegistryImpl.initiateService(StandardServiceRegistryImpl.java:130) ~[hibernate-core-6.6.4.Final.jar:6.6.4.Final]
	at org.hibernate.service.internal.AbstractServiceRegistryImpl.createService(AbstractServiceRegistryImpl.java:263) ~[hibernate-core-6.6.4.Final.jar:6.6.4.Final]
	... 30 common frames omitted


> Task :bootRun FAILED
4 actionable tasks: 1 executed, 3 up-to-date
Watched directory hierarchies: [C:\Users\ronpa\OneDrive\Documents\GitHub\CalTrack]
